15.02.2013 15:51:22: (8) Undefined variable: test in /Applications/XAMPP/xamppfiles/htdocs/cms/index.php at line 10
15.02.2013 15:52:36: (8) Undefined variable: test2 in /Applications/XAMPP/xamppfiles/htdocs/cms/index.php at line 10
15.02.2013 15:52:37: (8) Undefined variable: test2 in /Applications/XAMPP/xamppfiles/htdocs/cms/index.php at line 10
15.02.2013 15:53:08: (8) Undefined variable: test3 in /Applications/XAMPP/xamppfiles/htdocs/cms/index.php at line 10
15.02.2013 15:53:09: (8) Undefined variable: test3 in /Applications/XAMPP/xamppfiles/htdocs/cms/index.php at line 10
15.02.2013 15:54:39: (8) Undefined variable: test3 in /Applications/XAMPP/xamppfiles/htdocs/cms/index.php at line 10
15.02.2013 15:54:41: (8) Undefined variable: test3 in /Applications/XAMPP/xamppfiles/htdocs/cms/index.php at line 10
15.02.2013 15:54:55: (8) Undefined variable: test3 in /Applications/XAMPP/xamppfiles/htdocs/cms/index.php at line 10
15.02.2013 15:54:57: (8) Undefined variable: test3 in /Applications/XAMPP/xamppfiles/htdocs/cms/index.php at line 10
15.02.2013 15:55:40: (8) Undefined variable: test45 in /Applications/XAMPP/xamppfiles/htdocs/cms/views/maintemplate.php at line 29
15.02.2013 15:55:42: (8) Undefined variable: test45 in /Applications/XAMPP/xamppfiles/htdocs/cms/views/maintemplate.php at line 29
16.02.2013 15:41:53: (8) Use of undefined constant help - assumed 'help' in /Applications/XAMPP/xamppfiles/htdocs/cms/views/Home/help.php at line 2
16.02.2013 15:41:53: (8) Use of undefined constant site - assumed 'site' in /Applications/XAMPP/xamppfiles/htdocs/cms/views/Home/help.php at line 3
16.02.2013 15:41:58: (8) Use of undefined constant help - assumed 'help' in /Applications/XAMPP/xamppfiles/htdocs/cms/views/Home/help.php at line 2
16.02.2013 15:41:58: (8) Use of undefined constant site - assumed 'site' in /Applications/XAMPP/xamppfiles/htdocs/cms/views/Home/help.php at line 3
16.02.2013 15:42:02: (8) Use of undefined constant help - assumed 'help' in /Applications/XAMPP/xamppfiles/htdocs/cms/views/Home/help.php at line 2
16.02.2013 15:42:02: (8) Use of undefined constant site - assumed 'site' in /Applications/XAMPP/xamppfiles/htdocs/cms/views/Home/help.php at line 3
16.02.2013 15:56:42: (2) simplexml_load_file() [<a href='function.simplexml-load-file'>function.simplexml-load-file</a>]: I/O warning : failed to load external entity &quot;songs.xml&quot; in /Applications/XAMPP/xamppfiles/htdocs/cms/views/maintemplate.php at line 42
16.02.2013 15:56:42: (8) Trying to get property of non-object in /Applications/XAMPP/xamppfiles/htdocs/cms/views/maintemplate.php at line 43
16.02.2013 15:56:42: (8) Trying to get property of non-object in /Applications/XAMPP/xamppfiles/htdocs/cms/views/maintemplate.php at line 43
16.02.2013 15:56:43: (2) simplexml_load_file() [<a href='function.simplexml-load-file'>function.simplexml-load-file</a>]: I/O warning : failed to load external entity &quot;songs.xml&quot; in /Applications/XAMPP/xamppfiles/htdocs/cms/views/maintemplate.php at line 42
16.02.2013 15:56:43: (8) Trying to get property of non-object in /Applications/XAMPP/xamppfiles/htdocs/cms/views/maintemplate.php at line 43
16.02.2013 15:56:43: (8) Trying to get property of non-object in /Applications/XAMPP/xamppfiles/htdocs/cms/views/maintemplate.php at line 43
16.02.2013 15:56:44: (2) simplexml_load_file() [<a href='function.simplexml-load-file'>function.simplexml-load-file</a>]: I/O warning : failed to load external entity &quot;songs.xml&quot; in /Applications/XAMPP/xamppfiles/htdocs/cms/views/maintemplate.php at line 42
16.02.2013 15:56:44: (8) Trying to get property of non-object in /Applications/XAMPP/xamppfiles/htdocs/cms/views/maintemplate.php at line 43
16.02.2013 15:56:44: (8) Trying to get property of non-object in /Applications/XAMPP/xamppfiles/htdocs/cms/views/maintemplate.php at line 43
16.02.2013 15:56:46: (2) simplexml_load_file() [<a href='function.simplexml-load-file'>function.simplexml-load-file</a>]: I/O warning : failed to load external entity &quot;songs.xml&quot; in /Applications/XAMPP/xamppfiles/htdocs/cms/views/maintemplate.php at line 42
16.02.2013 15:56:46: (8) Trying to get property of non-object in /Applications/XAMPP/xamppfiles/htdocs/cms/views/maintemplate.php at line 43
16.02.2013 15:56:46: (8) Trying to get property of non-object in /Applications/XAMPP/xamppfiles/htdocs/cms/views/maintemplate.php at line 43
16.02.2013 15:58:01: (2) simplexml_load_file() [<a href='function.simplexml-load-file'>function.simplexml-load-file</a>]: I/O warning : failed to load external entity &quot;views/Homestructure.xml&quot; in /Applications/XAMPP/xamppfiles/htdocs/cms/views/maintemplate.php at line 42
16.02.2013 15:58:01: (8) Trying to get property of non-object in /Applications/XAMPP/xamppfiles/htdocs/cms/views/maintemplate.php at line 43
16.02.2013 15:58:01: (8) Trying to get property of non-object in /Applications/XAMPP/xamppfiles/htdocs/cms/views/maintemplate.php at line 43
16.02.2013 15:58:04: (2) simplexml_load_file() [<a href='function.simplexml-load-file'>function.simplexml-load-file</a>]: I/O warning : failed to load external entity &quot;views/Homestructure.xml&quot; in /Applications/XAMPP/xamppfiles/htdocs/cms/views/maintemplate.php at line 42
16.02.2013 15:58:04: (8) Trying to get property of non-object in /Applications/XAMPP/xamppfiles/htdocs/cms/views/maintemplate.php at line 43
16.02.2013 15:58:04: (8) Trying to get property of non-object in /Applications/XAMPP/xamppfiles/htdocs/cms/views/maintemplate.php at line 43
16.02.2013 15:58:43: (2) simplexml_load_file() [<a href='function.simplexml-load-file'>function.simplexml-load-file</a>]: I/O warning : failed to load external entity &quot;views/Homestructure.xml&quot; in /Applications/XAMPP/xamppfiles/htdocs/cms/views/maintemplate.php at line 42
16.02.2013 15:58:43: (8) Trying to get property of non-object in /Applications/XAMPP/xamppfiles/htdocs/cms/views/maintemplate.php at line 43
16.02.2013 15:58:45: (2) simplexml_load_file() [<a href='function.simplexml-load-file'>function.simplexml-load-file</a>]: I/O warning : failed to load external entity &quot;views/Homestructure.xml&quot; in /Applications/XAMPP/xamppfiles/htdocs/cms/views/maintemplate.php at line 42
16.02.2013 15:58:45: (8) Trying to get property of non-object in /Applications/XAMPP/xamppfiles/htdocs/cms/views/maintemplate.php at line 43
16.02.2013 15:59:04: (2) simplexml_load_file() [<a href='function.simplexml-load-file'>function.simplexml-load-file</a>]: I/O warning : failed to load external entity &quot;views/Homestructure.xml&quot; in /Applications/XAMPP/xamppfiles/htdocs/cms/views/maintemplate.php at line 43
16.02.2013 15:59:04: (8) Trying to get property of non-object in /Applications/XAMPP/xamppfiles/htdocs/cms/views/maintemplate.php at line 44
16.02.2013 15:59:06: (2) simplexml_load_file() [<a href='function.simplexml-load-file'>function.simplexml-load-file</a>]: I/O warning : failed to load external entity &quot;views/Homestructure.xml&quot; in /Applications/XAMPP/xamppfiles/htdocs/cms/views/maintemplate.php at line 43
16.02.2013 15:59:06: (8) Trying to get property of non-object in /Applications/XAMPP/xamppfiles/htdocs/cms/views/maintemplate.php at line 44
16.02.2013 15:59:12: (2) simplexml_load_file() [<a href='function.simplexml-load-file'>function.simplexml-load-file</a>]: I/O warning : failed to load external entity &quot;views/Homestructure.xml&quot; in /Applications/XAMPP/xamppfiles/htdocs/cms/views/maintemplate.php at line 43
16.02.2013 15:59:12: (8) Trying to get property of non-object in /Applications/XAMPP/xamppfiles/htdocs/cms/views/maintemplate.php at line 44
16.02.2013 15:59:15: (2) simplexml_load_file() [<a href='function.simplexml-load-file'>function.simplexml-load-file</a>]: I/O warning : failed to load external entity &quot;views/Homestructure.xml&quot; in /Applications/XAMPP/xamppfiles/htdocs/cms/views/maintemplate.php at line 43
16.02.2013 15:59:15: (8) Trying to get property of non-object in /Applications/XAMPP/xamppfiles/htdocs/cms/views/maintemplate.php at line 44
16.02.2013 16:02:43: (2) simplexml_load_file() [<a href='function.simplexml-load-file'>function.simplexml-load-file</a>]: views/Home/structure.xml:3: parser error : Extra content at the end of the document in /Applications/XAMPP/xamppfiles/htdocs/cms/views/maintemplate.php at line 42
16.02.2013 16:02:43: (2) simplexml_load_file() [<a href='function.simplexml-load-file'>function.simplexml-load-file</a>]: 	&lt;subentries&gt; in /Applications/XAMPP/xamppfiles/htdocs/cms/views/maintemplate.php at line 42
16.02.2013 16:02:43: (2) simplexml_load_file() [<a href='function.simplexml-load-file'>function.simplexml-load-file</a>]: 	^ in /Applications/XAMPP/xamppfiles/htdocs/cms/views/maintemplate.php at line 42
16.02.2013 16:02:43: (2) Invalid argument supplied for foreach() in /Applications/XAMPP/xamppfiles/htdocs/cms/views/maintemplate.php at line 43
16.02.2013 16:02:46: (2) simplexml_load_file() [<a href='function.simplexml-load-file'>function.simplexml-load-file</a>]: views/Home/structure.xml:3: parser error : Extra content at the end of the document in /Applications/XAMPP/xamppfiles/htdocs/cms/views/maintemplate.php at line 42
16.02.2013 16:02:46: (2) simplexml_load_file() [<a href='function.simplexml-load-file'>function.simplexml-load-file</a>]: 	&lt;subentries&gt; in /Applications/XAMPP/xamppfiles/htdocs/cms/views/maintemplate.php at line 42
16.02.2013 16:02:46: (2) simplexml_load_file() [<a href='function.simplexml-load-file'>function.simplexml-load-file</a>]: 	^ in /Applications/XAMPP/xamppfiles/htdocs/cms/views/maintemplate.php at line 42
16.02.2013 16:02:46: (2) Invalid argument supplied for foreach() in /Applications/XAMPP/xamppfiles/htdocs/cms/views/maintemplate.php at line 43
16.02.2013 16:03:48: (8) Use of undefined constant subentries - assumed 'subentries' in /Applications/XAMPP/xamppfiles/htdocs/cms/views/maintemplate.php at line 43
16.02.2013 16:03:48: (2) Invalid argument supplied for foreach() in /Applications/XAMPP/xamppfiles/htdocs/cms/views/maintemplate.php at line 43
16.02.2013 16:03:50: (8) Use of undefined constant subentries - assumed 'subentries' in /Applications/XAMPP/xamppfiles/htdocs/cms/views/maintemplate.php at line 43
16.02.2013 16:03:50: (2) Invalid argument supplied for foreach() in /Applications/XAMPP/xamppfiles/htdocs/cms/views/maintemplate.php at line 43
16.02.2013 16:05:26: (2) simplexml_load_file() [<a href='function.simplexml-load-file'>function.simplexml-load-file</a>]: I/O warning : failed to load external entity &quot;views/Error/structure.xml&quot; in /Applications/XAMPP/xamppfiles/htdocs/cms/views/maintemplate.php at line 42
16.02.2013 16:05:26: (2) Invalid argument supplied for foreach() in /Applications/XAMPP/xamppfiles/htdocs/cms/views/maintemplate.php at line 43
16.02.2013 16:05:26: (2) simplexml_load_file() [<a href='function.simplexml-load-file'>function.simplexml-load-file</a>]: I/O warning : failed to load external entity &quot;views/Error/structure.xml&quot; in /Applications/XAMPP/xamppfiles/htdocs/cms/views/maintemplate.php at line 42
16.02.2013 16:05:26: (2) Invalid argument supplied for foreach() in /Applications/XAMPP/xamppfiles/htdocs/cms/views/maintemplate.php at line 43
