28.11.2012 - 16:23:33   Controller created
28.11.2012 - 18:22:47   apps/login
</div>
/index.php
28.11.2012 - 18:23:28   apps/login
</div>
/index.php
28.11.2012 - 18:23:49   apps//index.php
28.11.2012 - 18:24:01   apps/<p>hallo welt</p>
<div id="login">
/index.php
28.11.2012 - 18:24:01   apps/login
</div>
/index.php
28.11.2012 - 18:24:13   apps/<p>hallo welt</p>
<div id="login">
/index.php
28.11.2012 - 18:24:13   apps/login/index.php
28.11.2012 - 18:24:13   apps/
</div>
/index.php
28.11.2012 - 18:24:27   apps/
</div>
/index.php
28.11.2012 - 18:24:37   apps/
</div>
/index.php
28.11.2012 - 18:24:40   apps/
</div>
/index.php
28.11.2012 - 18:24:42   apps/
</div>
/index.php
28.11.2012 - 18:24:43   apps/
</div>
/index.php
28.11.2012 - 18:24:53   apps/<p>hallo welt</p>
<div id="login">
/index.php
28.11.2012 - 18:24:53   apps/login/index.php
28.11.2012 - 18:24:53   apps/
</div>
/index.php
28.11.2012 - 18:25:00   apps/<p>hallo welt</p>
<div id="login">
/index.php
28.11.2012 - 18:25:00   apps/
</div>
/index.php
28.11.2012 - 18:25:58   apps/login/index.php
